<?xml version="1.0" encoding="utf-8"?>
<!DOCTYPE coverage SYSTEM "http://cobertura.sourceforge.net/xml/coverage-04.dtd">
<coverage line-rate="0.8483547925608012" branch-rate="0.5933333333333334" lines-covered="593" lines-valid="699" branches-covered="89" branches-valid="150" complexity="236" version="0" timestamp="1774494775">
  <sources>
    <source>/opt/workspace/456-aiurprotocol-mr-207/</source>
  </sources>
  <packages>
    <package name="Aiursoft.AiurProtocol" line-rate="0.8174603174603174" branch-rate="0.6666666666666666" complexity="92">
      <classes>
        <class name="Aiursoft.AiurProtocol.AiurApiEndpoint" filename="/opt/workspace/456-aiurprotocol-mr-207/src/Aiursoft.AiurProtocol/AiurApiEndpoint.cs" line-rate="0.9466666666666667" branch-rate="1" complexity="16">
          <methods>
            <method name="get_HostAndRoute" signature="()" line-rate="1" branch-rate="1" complexity="1">
              <lines>
                <line number="9" hits="56" branch="false" />
              </lines>
            </method>
            <method name="ToString" signature="()" line-rate="1" branch-rate="1" complexity="6">
              <lines>
                <line number="30" hits="18" branch="false" />
                <line number="31" hits="18" branch="false" />
                <line number="32" hits="18" branch="false" />
                <line number="33" hits="88" branch="true" condition-coverage="100% (2/2)" />
                <line number="34" hits="17" branch="false" />
                <line number="35" hits="17" branch="true" condition-coverage="100% (4/4)" />
                <line number="36" hits="10" branch="false" />
                <line number="37" hits="10" branch="false" />
                <line number="38" hits="10" branch="false" />
                <line number="39" hits="17" branch="false" />
                <line number="41" hits="18" branch="false" />
                <line number="42" hits="18" branch="false" />
              </lines>
            </method>
            <method name="EncodeWithoutPath" signature="(System.String)" line-rate="1" branch-rate="1" complexity="4">
              <lines>
                <line number="45" hits="2" branch="false" />
                <line number="46" hits="2" branch="false" />
                <line number="48" hits="52" branch="true" condition-coverage="100% (2/2)" />
                <line number="49" hits="23" branch="false" />
                <line number="50" hits="23" branch="true" condition-coverage="100% (2/2)" />
                <line number="51" hits="2" branch="false" />
                <line number="52" hits="2" branch="false" />
                <line number="53" hits="2" branch="false" />
                <line number="55" hits="21" branch="false" />
                <line number="56" hits="21" branch="false" />
                <line number="57" hits="21" branch="false" />
                <line number="58" hits="23" branch="false" />
                <line number="60" hits="2" branch="false" />
                <line number="61" hits="2" branch="false" />
              </lines>
            </method>
            <method name="GetParamsInAddress" signature="()" line-rate="1" branch-rate="1" complexity="1">
              <lines>
                <line number="64" hits="18" branch="false" />
                <line number="65" hits="18" branch="false" />
                <line number="66" hits="28" branch="false" />
                <line number="67" hits="18" branch="false" />
              </lines>
            </method>
            <method name="InjectParamsToRoute" signature="()" line-rate="0.8620689655172413" branch-rate="1" complexity="1">
              <lines>
                <line number="77" hits="18" branch="false" />
                <line number="78" hits="18" branch="false" />
                <line number="79" hits="5" branch="false" />
                <line number="80" hits="5" branch="false" />
                <line number="81" hits="5" branch="false" />
                <line number="82" hits="2" branch="false" />
                <line number="83" hits="2" branch="false" />
                <line number="84" hits="2" branch="false" />
                <line number="85" hits="2" branch="false" />
                <line number="86" hits="2" branch="false" />
                <line number="87" hits="18" branch="false" />
                <line number="88" hits="18" branch="false" />
                <line number="89" hits="0" branch="false" />
                <line number="90" hits="0" branch="false" />
                <line number="91" hits="18" branch="false" />
                <line number="92" hits="18" branch="false" />
                <line number="93" hits="18" branch="false" />
                <line number="94" hits="3" branch="false" />
                <line number="95" hits="3" branch="false" />
                <line number="96" hits="3" branch="false" />
                <line number="97" hits="3" branch="false" />
                <line number="98" hits="18" branch="false" />
                <line number="99" hits="18" branch="false" />
                <line number="100" hits="0" branch="false" />
                <line number="101" hits="0" branch="false" />
                <line number="102" hits="18" branch="false" />
                <line number="103" hits="18" branch="false" />
                <line number="104" hits="23" branch="false" />
                <line number="105" hits="18" branch="false" />
              </lines>
            </method>
            <method name=".ctor" signature="(System.String,System.Object)" line-rate="1" branch-rate="1" complexity="1">
              <lines>
                <line number="11" hits="20" branch="false" />
                <line number="12" hits="20" branch="false" />
                <line number="13" hits="20" branch="false" />
                <line number="14" hits="20" branch="false" />
              </lines>
            </method>
            <method name=".ctor" signature="(System.String,System.String,System.Object)" line-rate="1" branch-rate="1" complexity="1">
              <lines>
                <line number="16" hits="20" branch="false" />
                <line number="17" hits="20" branch="false" />
                <line number="18" hits="20" branch="false" />
                <line number="19" hits="20" branch="false" />
                <line number="20" hits="20" branch="false" />
              </lines>
            </method>
            <method name=".ctor" signature="(System.String,System.String,System.String,System.Object)" line-rate="1" branch-rate="1" complexity="1">
              <lines>
                <line number="22" hits="16" branch="false" />
                <line number="23" hits="16" branch="false" />
                <line number="24" hits="16" branch="false" />
                <line number="25" hits="16" branch="false" />
                <line number="26" hits="16" branch="false" />
                <line number="27" hits="16" branch="false" />
              </lines>
            </method>
          </methods>
          <lines>
            <line number="9" hits="56" branch="false" />
            <line number="11" hits="20" branch="false" />
            <line number="12" hits="20" branch="false" />
            <line number="13" hits="20" branch="false" />
            <line number="14" hits="20" branch="false" />
            <line number="16" hits="20" branch="false" />
            <line number="17" hits="20" branch="false" />
            <line number="18" hits="20" branch="false" />
            <line number="19" hits="20" branch="false" />
            <line number="20" hits="20" branch="false" />
            <line number="22" hits="16" branch="false" />
            <line number="23" hits="16" branch="false" />
            <line number="24" hits="16" branch="false" />
            <line number="25" hits="16" branch="false" />
            <line number="26" hits="16" branch="false" />
            <line number="27" hits="16" branch="false" />
            <line number="30" hits="18" branch="false" />
            <line number="31" hits="18" branch="false" />
            <line number="32" hits="18" branch="false" />
            <line number="33" hits="88" branch="true" condition-coverage="100% (2/2)" />
            <line number="34" hits="17" branch="false" />
            <line number="35" hits="17" branch="true" condition-coverage="100% (4/4)" />
            <line number="36" hits="10" branch="false" />
            <line number="37" hits="10" branch="false" />
            <line number="38" hits="10" branch="false" />
            <line number="39" hits="17" branch="false" />
            <line number="41" hits="18" branch="false" />
            <line number="42" hits="18" branch="false" />
            <line number="45" hits="2" branch="false" />
            <line number="46" hits="2" branch="false" />
            <line number="48" hits="52" branch="true" condition-coverage="100% (2/2)" />
            <line number="49" hits="23" branch="false" />
            <line number="50" hits="23" branch="true" condition-coverage="100% (2/2)" />
            <line number="51" hits="2" branch="false" />
            <line number="52" hits="2" branch="false" />
            <line number="53" hits="2" branch="false" />
            <line number="55" hits="21" branch="false" />
            <line number="56" hits="21" branch="false" />
            <line number="57" hits="21" branch="false" />
            <line number="58" hits="23" branch="false" />
            <line number="60" hits="2" branch="false" />
            <line number="61" hits="2" branch="false" />
            <line number="64" hits="18" branch="false" />
            <line number="65" hits="18" branch="false" />
            <line number="66" hits="28" branch="false" />
            <line number="67" hits="18" branch="false" />
            <line number="77" hits="18" branch="false" />
            <line number="78" hits="18" branch="false" />
            <line number="79" hits="5" branch="false" />
            <line number="80" hits="5" branch="false" />
            <line number="81" hits="5" branch="false" />
            <line number="82" hits="2" branch="false" />
            <line number="83" hits="2" branch="false" />
            <line number="84" hits="2" branch="false" />
            <line number="85" hits="2" branch="false" />
            <line number="86" hits="2" branch="false" />
            <line number="87" hits="18" branch="false" />
            <line number="88" hits="18" branch="false" />
            <line number="89" hits="0" branch="false" />
            <line number="90" hits="0" branch="false" />
            <line number="91" hits="18" branch="false" />
            <line number="92" hits="18" branch="false" />
            <line number="93" hits="18" branch="false" />
            <line number="94" hits="3" branch="false" />
            <line number="95" hits="3" branch="false" />
            <line number="96" hits="3" branch="false" />
            <line number="97" hits="3" branch="false" />
            <line number="98" hits="18" branch="false" />
            <line number="99" hits="18" branch="false" />
            <line number="100" hits="0" branch="false" />
            <line number="101" hits="0" branch="false" />
            <line number="102" hits="18" branch="false" />
            <line number="103" hits="18" branch="false" />
            <line number="104" hits="23" branch="false" />
            <line number="105" hits="18" branch="false" />
          </lines>
        </class>
        <class name="Aiursoft.AiurProtocol.AiurApiPayload" filename="/opt/workspace/456-aiurprotocol-mr-207/src/Aiursoft.AiurProtocol/AiurApiPayload.cs" line-rate="0.6785714285714286" branch-rate="0.6875" complexity="19">
          <methods>
            <method name="get_Param" signature="()" line-rate="1" branch-rate="1" complexity="1">
              <lines>
                <line number="8" hits="42" branch="false" />
              </lines>
            </method>
            <method name="get_Params" signature="()" line-rate="1" branch-rate="1" complexity="1">
              <lines>
                <line number="9" hits="81" branch="false" />
              </lines>
            </method>
            <method name=".ctor" signature="()" line-rate="0" branch-rate="1" complexity="1">
              <lines>
                <line number="11" hits="0" branch="false" />
                <line number="12" hits="0" branch="false" />
                <line number="13" hits="0" branch="false" />
              </lines>
            </method>
            <method name=".ctor" signature="(System.Object)" line-rate="0.7391304347826086" branch-rate="0.6875" complexity="16">
              <lines>
                <line number="15" hits="25" branch="false" />
                <line number="16" hits="25" branch="false" />
                <line number="17" hits="25" branch="false" />
                <line number="18" hits="25" branch="false" />
                <line number="19" hits="135" branch="true" condition-coverage="100% (2/2)" />
                <line number="20" hits="30" branch="false" />
                <line number="21" hits="30" branch="false" />
                <line number="22" hits="30" branch="true" condition-coverage="100% (4/4)" />
                <line number="23" hits="30" branch="false" />
                <line number="24" hits="30" branch="true" condition-coverage="100% (4/4)" />
                <line number="25" hits="8" branch="false" />
                <line number="26" hits="8" branch="false" />
                <line number="27" hits="8" branch="false" />
                <line number="29" hits="30" branch="true" condition-coverage="50% (1/2)" />
                <line number="30" hits="0" branch="false" />
                <line number="31" hits="0" branch="true" condition-coverage="0% (0/4)" />
                <line number="32" hits="0" branch="false" />
                <line number="33" hits="0" branch="false" />
                <line number="34" hits="0" branch="false" />
                <line number="35" hits="0" branch="false" />
                <line number="36" hits="30" branch="false" />
                <line number="37" hits="30" branch="false" />
                <line number="38" hits="25" branch="false" />
              </lines>
            </method>
          </methods>
          <lines>
            <line number="8" hits="42" branch="false" />
            <line number="9" hits="81" branch="false" />
            <line number="11" hits="0" branch="false" />
            <line number="12" hits="0" branch="false" />
            <line number="13" hits="0" branch="false" />
            <line number="15" hits="25" branch="false" />
            <line number="16" hits="25" branch="false" />
            <line number="17" hits="25" branch="false" />
            <line number="18" hits="25" branch="false" />
            <line number="19" hits="135" branch="true" condition-coverage="100% (2/2)" />
            <line number="20" hits="30" branch="false" />
            <line number="21" hits="30" branch="false" />
            <line number="22" hits="30" branch="true" condition-coverage="100% (4/4)" />
            <line number="23" hits="30" branch="false" />
            <line number="24" hits="30" branch="true" condition-coverage="100% (4/4)" />
            <line number="25" hits="8" branch="false" />
            <line number="26" hits="8" branch="false" />
            <line number="27" hits="8" branch="false" />
            <line number="29" hits="30" branch="true" condition-coverage="50% (1/2)" />
            <line number="30" hits="0" branch="false" />
            <line number="31" hits="0" branch="true" condition-coverage="0% (0/4)" />
            <line number="32" hits="0" branch="false" />
            <line number="33" hits="0" branch="false" />
            <line number="34" hits="0" branch="false" />
            <line number="35" hits="0" branch="false" />
            <line number="36" hits="30" branch="false" />
            <line number="37" hits="30" branch="false" />
            <line number="38" hits="25" branch="false" />
          </lines>
        </class>
        <class name="Aiursoft.AiurProtocol.Extensions" filename="/opt/workspace/456-aiurprotocol-mr-207/src/Aiursoft.AiurProtocol/Extensions.cs" line-rate="1" branch-rate="1" complexity="2">
          <methods>
            <method name="AddAiurProtocolClient" signature="(Microsoft.Extensions.DependencyInjection.IServiceCollection,System.Boolean,System.Boolean)" line-rate="1" branch-rate="1" complexity="2">
              <lines>
                <line number="22" hits="18" branch="false" />
                <line number="23" hits="18" branch="true" condition-coverage="100% (2/2)" />
                <line number="24" hits="18" branch="false" />
                <line number="25" hits="18" branch="false" />
                <line number="26" hits="18" branch="false" />
                <line number="27" hits="18" branch="false" />
                <line number="28" hits="18" branch="false" />
                <line number="29" hits="18" branch="false" />
                <line number="30" hits="18" branch="false" />
              </lines>
            </method>
          </methods>
          <lines>
            <line number="22" hits="18" branch="false" />
            <line number="23" hits="18" branch="true" condition-coverage="100% (2/2)" />
            <line number="24" hits="18" branch="false" />
            <line number="25" hits="18" branch="false" />
            <line number="26" hits="18" branch="false" />
            <line number="27" hits="18" branch="false" />
            <line number="28" hits="18" branch="false" />
            <line number="29" hits="18" branch="false" />
            <line number="30" hits="18" branch="false" />
          </lines>
        </class>
        <class name="Aiursoft.AiurProtocol.Services.AiurProtocolClient" filename="/opt/workspace/456-aiurprotocol-mr-207/src/Aiursoft.AiurProtocol/Services/AiurProtocolClient.cs" line-rate="0.743801652892562" branch-rate="0.6388888888888888" complexity="41">
          <methods>
            <method name="SendWithRetry" signature="(System.Net.Http.HttpRequestMessage)" line-rate="0.7333333333333333" branch-rate="1" complexity="1">
              <lines>
                <line number="25" hits="15" branch="false" />
                <line number="26" hits="15" branch="false" />
                <line number="27" hits="15" branch="false" />
                <line number="28" hits="15" branch="false" />
                <line number="29" hits="15" branch="false" />
                <line number="30" hits="0" branch="false" />
                <line number="31" hits="0" branch="false" />
                <line number="32" hits="0" branch="false" />
                <line number="33" hits="15" branch="false" />
                <line number="34" hits="15" branch="false" />
                <line number="35" hits="15" branch="false" />
                <line number="36" hits="15" branch="false" />
                <line number="37" hits="0" branch="false" />
                <line number="38" hits="15" branch="false" />
                <line number="39" hits="15" branch="false" />
              </lines>
            </method>
            <method name="Post" signature="(Aiursoft.AiurProtocol.AiurApiEndpoint,Aiursoft.AiurProtocol.AiurApiPayload,Aiursoft.AiurProtocol.BodyFormat,System.Boolean,System.Boolean,System.Boolean)" line-rate="1" branch-rate="1" complexity="1">
              <lines>
                <line number="100" hits="5" branch="false" />
                <line number="101" hits="5" branch="false" />
                <line number="102" hits="5" branch="false" />
              </lines>
            </method>
            <method name="Put" signature="(Aiursoft.AiurProtocol.AiurApiEndpoint,Aiursoft.AiurProtocol.AiurApiPayload,Aiursoft.AiurProtocol.BodyFormat,System.Boolean,System.Boolean,System.Boolean)" line-rate="0" branch-rate="1" complexity="1">
              <lines>
                <line number="111" hits="0" branch="false" />
                <line number="112" hits="0" branch="false" />
                <line number="113" hits="0" branch="false" />
              </lines>
            </method>
            <method name="Patch" signature="(Aiursoft.AiurProtocol.AiurApiEndpoint,Aiursoft.AiurProtocol.AiurApiPayload,Aiursoft.AiurProtocol.BodyFormat,System.Boolean,System.Boolean,System.Boolean)" line-rate="0" branch-rate="1" complexity="1">
              <lines>
                <line number="122" hits="0" branch="false" />
                <line number="123" hits="0" branch="false" />
                <line number="124" hits="0" branch="false" />
              </lines>
            </method>
            <method name="ClientSideValidate" signature="(System.Object)" line-rate="0.8333333333333334" branch-rate="0.625" complexity="8">
              <lines>
                <line number="127" hits="16" branch="false" />
                <line number="128" hits="16" branch="true" condition-coverage="50% (1/2)" />
                <line number="129" hits="0" branch="false" />
                <line number="130" hits="0" branch="false" />
                <line number="133" hits="16" branch="false" />
                <line number="134" hits="16" branch="false" />
                <line number="136" hits="16" branch="true" condition-coverage="100% (2/2)" />
                <line number="137" hits="2" branch="false" />
                <line number="138" hits="4" branch="true" condition-coverage="50% (1/2)" />
                <line number="139" hits="2" branch="true" condition-coverage="50% (1/2)" />
                <line number="140" hits="2" branch="false" />
                <line number="141" hits="2" branch="false" />
                <line number="142" hits="2" branch="false" />
                <line number="143" hits="2" branch="false" />
                <line number="144" hits="2" branch="false" />
                <line number="145" hits="2" branch="false" />
                <line number="147" hits="0" branch="false" />
                <line number="148" hits="14" branch="false" />
              </lines>
            </method>
            <method name=".ctor" signature="(Aiursoft.Canon.RetryEngine,System.Net.Http.IHttpClientFactory,Microsoft.Extensions.Logging.ILogger`1&lt;Aiursoft.AiurProtocol.Services.AiurProtocolClient&gt;)" line-rate="1" branch-rate="1" complexity="1">
              <lines>
                <line number="16" hits="17" branch="false" />
                <line number="17" hits="17" branch="false" />
                <line number="18" hits="17" branch="false" />
                <line number="19" hits="17" branch="false" />
                <line number="22" hits="17" branch="false" />
              </lines>
            </method>
            <method name="Get" signature="()" line-rate="1" branch-rate="0.75" complexity="4">
              <lines>
                <line number="47" hits="12" branch="false" />
                <line number="48" hits="12" branch="true" condition-coverage="100% (2/2)" />
                <line number="49" hits="12" branch="false" />
                <line number="50" hits="12" branch="false" />
                <line number="51" hits="11" branch="false" />
                <line number="53" hits="11" branch="false" />
                <line number="54" hits="11" branch="false" />
                <line number="55" hits="11" branch="false" />
                <line number="56" hits="11" branch="false" />
                <line number="58" hits="11" branch="false" />
                <line number="60" hits="11" branch="true" condition-coverage="50% (1/2)" />
                <line number="61" hits="11" branch="false" />
                <line number="62" hits="8" branch="false" />
              </lines>
            </method>
            <method name="GetResponseContent" signature="()" line-rate="0.5" branch-rate="0.5" complexity="2">
              <lines>
                <line number="203" hits="15" branch="false" />
                <line number="204" hits="15" branch="false" />
                <line number="205" hits="15" branch="true" condition-coverage="50% (1/2)" />
                <line number="206" hits="0" branch="false" />
                <line number="207" hits="0" branch="false" />
                <line number="208" hits="0" branch="false" />
                <line number="209" hits="0" branch="false" />
                <line number="210" hits="0" branch="false" />
                <line number="211" hits="0" branch="false" />
                <line number="212" hits="0" branch="false" />
                <line number="214" hits="15" branch="false" />
                <line number="215" hits="15" branch="false" />
                <line number="216" hits="15" branch="false" />
                <line number="218" hits="15" branch="false" />
              </lines>
            </method>
            <method name="Http" signature="()" line-rate="1" branch-rate="0.8333333333333334" complexity="6">
              <lines>
                <line number="72" hits="5" branch="false" />
                <line number="73" hits="5" branch="true" condition-coverage="100% (2/2)" />
                <line number="74" hits="2" branch="false" />
                <line number="75" hits="2" branch="false" />
                <line number="76" hits="2" branch="false" />
                <line number="77" hits="1" branch="false" />
                <line number="79" hits="4" branch="true" condition-coverage="100% (2/2)" />
                <line number="80" hits="4" branch="false" />
                <line number="81" hits="4" branch="false" />
                <line number="82" hits="4" branch="false" />
                <line number="83" hits="4" branch="false" />
                <line number="84" hits="4" branch="false" />
                <line number="86" hits="4" branch="false" />
                <line number="88" hits="4" branch="true" condition-coverage="50% (1/2)" />
                <line number="89" hits="4" branch="false" />
                <line number="90" hits="2" branch="false" />
              </lines>
            </method>
            <method name="ProcessResponse" signature="()" line-rate="0.6451612903225806" branch-rate="0.5625" complexity="16">
              <lines>
                <line number="151" hits="15" branch="false" />
                <line number="152" hits="15" branch="false" />
                <line number="153" hits="15" branch="true" condition-coverage="100% (2/2)" />
                <line number="154" hits="14" branch="false" />
                <line number="155" hits="14" branch="true" condition-coverage="50% (1/2)" />
                <line number="156" hits="0" branch="false" />
                <line number="157" hits="0" branch="false" />
                <line number="160" hits="14" branch="true" condition-coverage="50% (1/2)" />
                <line number="161" hits="0" branch="false" />
                <line number="162" hits="0" branch="true" condition-coverage="0% (0/2)" />
                <line number="163" hits="0" branch="true" condition-coverage="0% (0/2)" />
                <line number="164" hits="0" branch="false" />
                <line number="165" hits="0" branch="false" />
                <line number="167" hits="0" branch="false" />
                <line number="169" hits="14" branch="true" condition-coverage="100% (4/4)" />
                <line number="172" hits="10" branch="false" />
                <line number="174" hits="10" branch="false" />
                <line number="175" hits="10" branch="false" />
                <line number="178" hits="2" branch="false" />
                <line number="180" hits="2" branch="false" />
                <line number="181" hits="2" branch="false" />
                <line number="184" hits="2" branch="false" />
                <line number="186" hits="2" branch="false" />
                <line number="187" hits="2" branch="false" />
                <line number="192" hits="1" branch="true" condition-coverage="50% (1/2)" />
                <line number="193" hits="0" branch="false" />
                <line number="194" hits="0" branch="false" />
                <line number="195" hits="0" branch="false" />
                <line number="198" hits="1" branch="false" />
                <line number="199" hits="1" branch="false" />
                <line number="200" hits="10" branch="false" />
              </lines>
            </method>
          </methods>
          <lines>
            <line number="16" hits="17" branch="false" />
            <line number="17" hits="17" branch="false" />
            <line number="18" hits="17" branch="false" />
            <line number="19" hits="17" branch="false" />
            <line number="22" hits="17" branch="false" />
            <line number="25" hits="15" branch="false" />
            <line number="26" hits="15" branch="false" />
            <line number="27" hits="15" branch="false" />
            <line number="28" hits="15" branch="false" />
            <line number="29" hits="15" branch="false" />
            <line number="30" hits="0" branch="false" />
            <line number="31" hits="0" branch="false" />
            <line number="32" hits="0" branch="false" />
            <line number="33" hits="15" branch="false" />
            <line number="34" hits="15" branch="false" />
            <line number="35" hits="15" branch="false" />
            <line number="36" hits="15" branch="false" />
            <line number="37" hits="0" branch="false" />
            <line number="38" hits="15" branch="false" />
            <line number="39" hits="15" branch="false" />
            <line number="47" hits="12" branch="false" />
            <line number="48" hits="12" branch="true" condition-coverage="100% (2/2)" />
            <line number="49" hits="12" branch="false" />
            <line number="50" hits="12" branch="false" />
            <line number="51" hits="11" branch="false" />
            <line number="53" hits="11" branch="false" />
            <line number="54" hits="11" branch="false" />
            <line number="55" hits="11" branch="false" />
            <line number="56" hits="11" branch="false" />
            <line number="58" hits="11" branch="false" />
            <line number="60" hits="11" branch="true" condition-coverage="50% (1/2)" />
            <line number="61" hits="11" branch="false" />
            <line number="62" hits="8" branch="false" />
            <line number="72" hits="5" branch="false" />
            <line number="73" hits="5" branch="true" condition-coverage="100% (2/2)" />
            <line number="74" hits="2" branch="false" />
            <line number="75" hits="2" branch="false" />
            <line number="76" hits="2" branch="false" />
            <line number="77" hits="1" branch="false" />
            <line number="79" hits="4" branch="true" condition-coverage="100% (2/2)" />
            <line number="80" hits="4" branch="false" />
            <line number="81" hits="4" branch="false" />
            <line number="82" hits="4" branch="false" />
            <line number="83" hits="4" branch="false" />
            <line number="84" hits="4" branch="false" />
            <line number="86" hits="4" branch="false" />
            <line number="88" hits="4" branch="true" condition-coverage="50% (1/2)" />
            <line number="89" hits="4" branch="false" />
            <line number="90" hits="2" branch="false" />
            <line number="100" hits="5" branch="false" />
            <line number="101" hits="5" branch="false" />
            <line number="102" hits="5" branch="false" />
            <line number="111" hits="0" branch="false" />
            <line number="112" hits="0" branch="false" />
            <line number="113" hits="0" branch="false" />
            <line number="122" hits="0" branch="false" />
            <line number="123" hits="0" branch="false" />
            <line number="124" hits="0" branch="false" />
            <line number="127" hits="16" branch="false" />
            <line number="128" hits="16" branch="true" condition-coverage="50% (1/2)" />
            <line number="129" hits="0" branch="false" />
            <line number="130" hits="0" branch="false" />
            <line number="133" hits="16" branch="false" />
            <line number="134" hits="16" branch="false" />
            <line number="136" hits="16" branch="true" condition-coverage="100% (2/2)" />
            <line number="137" hits="2" branch="false" />
            <line number="138" hits="4" branch="true" condition-coverage="50% (1/2)" />
            <line number="139" hits="2" branch="true" condition-coverage="50% (1/2)" />
            <line number="140" hits="2" branch="false" />
            <line number="141" hits="2" branch="false" />
            <line number="142" hits="2" branch="false" />
            <line number="143" hits="2" branch="false" />
            <line number="144" hits="2" branch="false" />
            <line number="145" hits="2" branch="false" />
            <line number="147" hits="0" branch="false" />
            <line number="148" hits="14" branch="false" />
            <line number="151" hits="15" branch="false" />
            <line number="152" hits="15" branch="false" />
            <line number="153" hits="15" branch="true" condition-coverage="100% (2/2)" />
            <line number="154" hits="14" branch="false" />
            <line number="155" hits="14" branch="true" condition-coverage="50% (1/2)" />
            <line number="156" hits="0" branch="false" />
            <line number="157" hits="0" branch="false" />
            <line number="160" hits="14" branch="true" condition-coverage="50% (1/2)" />
            <line number="161" hits="0" branch="false" />
            <line number="162" hits="0" branch="true" condition-coverage="0% (0/2)" />
            <line number="163" hits="0" branch="true" condition-coverage="0% (0/2)" />
            <line number="164" hits="0" branch="false" />
            <line number="165" hits="0" branch="false" />
            <line number="167" hits="0" branch="false" />
            <line number="169" hits="14" branch="true" condition-coverage="100% (4/4)" />
            <line number="172" hits="10" branch="false" />
            <line number="174" hits="10" branch="false" />
            <line number="175" hits="10" branch="false" />
            <line number="178" hits="2" branch="false" />
            <line number="180" hits="2" branch="false" />
            <line number="181" hits="2" branch="false" />
            <line number="184" hits="2" branch="false" />
            <line number="186" hits="2" branch="false" />
            <line number="187" hits="2" branch="false" />
            <line number="192" hits="1" branch="true" condition-coverage="50% (1/2)" />
            <line number="193" hits="0" branch="false" />
            <line number="194" hits="0" branch="false" />
            <line number="195" hits="0" branch="false" />
            <line number="198" hits="1" branch="false" />
            <line number="199" hits="1" branch="false" />
            <line number="200" hits="10" branch="false" />
            <line number="203" hits="15" branch="false" />
            <line number="204" hits="15" branch="false" />
            <line number="205" hits="15" branch="true" condition-coverage="50% (1/2)" />
            <line number="206" hits="0" branch="false" />
            <line number="207" hits="0" branch="false" />
            <line number="208" hits="0" branch="false" />
            <line number="209" hits="0" branch="false" />
            <line number="210" hits="0" branch="false" />
            <line number="211" hits="0" branch="false" />
            <line number="212" hits="0" branch="false" />
            <line number="214" hits="15" branch="false" />
            <line number="215" hits="15" branch="false" />
            <line number="216" hits="15" branch="false" />
            <line number="218" hits="15" branch="false" />
          </lines>
        </class>
        <class name="Aiursoft.AiurProtocol.Services.StringHelpers" filename="/opt/workspace/456-aiurprotocol-mr-207/src/Aiursoft.AiurProtocol/Services/StringHelpers.cs" line-rate="0.8947368421052632" branch-rate="0.42857142857142855" complexity="14">
          <methods>
            <method name="IsValidResponse" signature="(System.String,Aiursoft.AiurProtocol.Models.AiurResponse&amp;)" line-rate="0.8947368421052632" branch-rate="0.42857142857142855" complexity="14">
              <lines>
                <line number="9" hits="15" branch="false" />
                <line number="10" hits="15" branch="false" />
                <line number="11" hits="15" branch="true" condition-coverage="50% (1/2)" />
                <line number="12" hits="0" branch="false" />
                <line number="13" hits="0" branch="false" />
                <line number="16" hits="15" branch="false" />
                <line number="17" hits="15" branch="true" condition-coverage="42% (5/12)" />
                <line number="18" hits="15" branch="false" />
                <line number="19" hits="15" branch="false" />
                <line number="20" hits="15" branch="false" />
                <line number="22" hits="15" branch="false" />
                <line number="24" hits="15" branch="false" />
                <line number="25" hits="14" branch="false" />
                <line number="27" hits="1" branch="false" />
                <line number="28" hits="1" branch="false" />
                <line number="30" hits="1" branch="false" />
                <line number="31" hits="1" branch="false" />
                <line number="33" hits="1" branch="false" />
                <line number="34" hits="15" branch="false" />
              </lines>
            </method>
          </methods>
          <lines>
            <line number="9" hits="15" branch="false" />
            <line number="10" hits="15" branch="false" />
            <line number="11" hits="15" branch="true" condition-coverage="50% (1/2)" />
            <line number="12" hits="0" branch="false" />
            <line number="13" hits="0" branch="false" />
            <line number="16" hits="15" branch="false" />
            <line number="17" hits="15" branch="true" condition-coverage="42% (5/12)" />
            <line number="18" hits="15" branch="false" />
            <line number="19" hits="15" branch="false" />
            <line number="20" hits="15" branch="false" />
            <line number="22" hits="15" branch="false" />
            <line number="24" hits="15" branch="false" />
            <line number="25" hits="14" branch="false" />
            <line number="27" hits="1" branch="false" />
            <line number="28" hits="1" branch="false" />
            <line number="30" hits="1" branch="false" />
            <line number="31" hits="1" branch="false" />
            <line number="33" hits="1" branch="false" />
            <line number="34" hits="15" branch="false" />
          </lines>
        </class>
      </classes>
    </package>
    <package name="Aiursoft.AiurProtocol.Abstractions" line-rate="0.90625" branch-rate="0.5" complexity="31">
      <classes>
        <class name="Aiursoft.AiurProtocol.Exceptions.AiurBadApiInputException" filename="/opt/workspace/456-aiurprotocol-mr-207/src/Aiursoft.AiurProtocol.Abstractions/Exceptions/AiurBadApiInputException.cs" line-rate="0.7272727272727273" branch-rate="0.5" complexity="9">
          <methods>
            <method name="get_Reasons" signature="()" line-rate="1" branch-rate="1" complexity="1">
              <lines>
                <line number="8" hits="11" branch="false" />
              </lines>
            </method>
            <method name=".ctor" signature="(Aiursoft.AiurProtocol.Models.AiurCollection`1&lt;System.String&gt;)" line-rate="0.7" branch-rate="0.5" complexity="8">
              <lines>
                <line number="11" hits="4" branch="true" condition-coverage="50% (2/4)" />
                <line number="12" hits="5" branch="false" />
                <line number="13" hits="4" branch="false" />
                <line number="14" hits="4" branch="false" />
                <line number="15" hits="4" branch="true" condition-coverage="50% (1/2)" />
                <line number="16" hits="0" branch="false" />
                <line number="17" hits="0" branch="false" />
                <line number="18" hits="0" branch="false" />
                <line number="21" hits="4" branch="true" condition-coverage="50% (1/2)" />
                <line number="22" hits="4" branch="false" />
              </lines>
            </method>
          </methods>
          <lines>
            <line number="8" hits="11" branch="false" />
            <line number="11" hits="4" branch="true" condition-coverage="50% (2/4)" />
            <line number="12" hits="5" branch="false" />
            <line number="13" hits="4" branch="false" />
            <line number="14" hits="4" branch="false" />
            <line number="15" hits="4" branch="true" condition-coverage="50% (1/2)" />
            <line number="16" hits="0" branch="false" />
            <line number="17" hits="0" branch="false" />
            <line number="18" hits="0" branch="false" />
            <line number="21" hits="4" branch="true" condition-coverage="50% (1/2)" />
            <line number="22" hits="4" branch="false" />
          </lines>
        </class>
        <class name="Aiursoft.AiurProtocol.Exceptions.AiurBadApiVersionException" filename="/opt/workspace/456-aiurprotocol-mr-207/src/Aiursoft.AiurProtocol.Abstractions/Exceptions/AiurBadApiVersionException.cs" line-rate="0" branch-rate="1" complexity="1">
          <methods>
            <method name=".ctor" signature="(System.Version,Aiursoft.AiurProtocol.Models.AiurResponse)" line-rate="0" branch-rate="1" complexity="1">
              <lines>
                <line number="8" hits="0" branch="false" />
                <line number="9" hits="0" branch="false" />
                <line number="10" hits="0" branch="false" />
              </lines>
            </method>
          </methods>
          <lines>
            <line number="8" hits="0" branch="false" />
            <line number="9" hits="0" branch="false" />
            <line number="10" hits="0" branch="false" />
          </lines>
        </class>
        <class name="Aiursoft.AiurProtocol.Exceptions.AiurServerException" filename="/opt/workspace/456-aiurprotocol-mr-207/src/Aiursoft.AiurProtocol.Abstractions/Exceptions/AiurServerException.cs" line-rate="1" branch-rate="1" complexity="3">
          <methods>
            <method name="get_Response" signature="()" line-rate="1" branch-rate="1" complexity="1">
              <lines>
                <line number="25" hits="3" branch="false" />
              </lines>
            </method>
            <method name=".ctor" signature="(Aiursoft.AiurProtocol.Models.Code,System.String)" line-rate="1" branch-rate="1" complexity="1">
              <lines>
                <line number="11" hits="1" branch="false" />
                <line number="12" hits="1" branch="false" />
                <line number="13" hits="1" branch="false" />
                <line number="14" hits="1" branch="false" />
                <line number="15" hits="1" branch="false" />
                <line number="16" hits="1" branch="false" />
                <line number="17" hits="1" branch="false" />
                <line number="18" hits="1" branch="false" />
              </lines>
            </method>
            <method name=".ctor" signature="(Aiursoft.AiurProtocol.Models.AiurResponse)" line-rate="1" branch-rate="1" complexity="1">
              <lines>
                <line number="20" hits="2" branch="false" />
                <line number="21" hits="2" branch="false" />
                <line number="22" hits="2" branch="false" />
                <line number="23" hits="2" branch="false" />
              </lines>
            </method>
          </methods>
          <lines>
            <line number="11" hits="1" branch="false" />
            <line number="12" hits="1" branch="false" />
            <line number="13" hits="1" branch="false" />
            <line number="14" hits="1" branch="false" />
            <line number="15" hits="1" branch="false" />
            <line number="16" hits="1" branch="false" />
            <line number="17" hits="1" branch="false" />
            <line number="18" hits="1" branch="false" />
            <line number="20" hits="2" branch="false" />
            <line number="21" hits="2" branch="false" />
            <line number="22" hits="2" branch="false" />
            <line number="23" hits="2" branch="false" />
            <line number="25" hits="3" branch="false" />
          </lines>
        </class>
        <class name="Aiursoft.AiurProtocol.Exceptions.AiurUnexpectedServerResponseException" filename="/opt/workspace/456-aiurprotocol-mr-207/src/Aiursoft.AiurProtocol.Abstractions/Exceptions/AiurUnexpectedServerResponseException.cs" line-rate="1" branch-rate="1" complexity="2">
          <methods>
            <method name="get_Response" signature="()" line-rate="1" branch-rate="1" complexity="1">
              <lines>
                <line number="17" hits="8" branch="false" />
              </lines>
            </method>
            <method name=".ctor" signature="(Aiursoft.AiurProtocol.Models.AiurResponse,System.Exception)" line-rate="1" branch-rate="1" complexity="1">
              <lines>
                <line number="12" hits="6" branch="false" />
                <line number="13" hits="6" branch="false" />
                <line number="14" hits="6" branch="false" />
                <line number="15" hits="6" branch="false" />
              </lines>
            </method>
          </methods>
          <lines>
            <line number="12" hits="6" branch="false" />
            <line number="13" hits="6" branch="false" />
            <line number="14" hits="6" branch="false" />
            <line number="15" hits="6" branch="false" />
            <line number="17" hits="8" branch="false" />
          </lines>
        </class>
        <class name="Aiursoft.AiurProtocol.Models.AiurCollection`1" filename="/opt/workspace/456-aiurprotocol-mr-207/src/Aiursoft.AiurProtocol.Abstractions/Models/AiurCollection.cs" line-rate="1" branch-rate="1" complexity="3">
          <methods>
            <method name="get_Items" signature="()" line-rate="1" branch-rate="1" complexity="1">
              <lines>
                <line number="18" hits="38" branch="false" />
              </lines>
            </method>
            <method name=".ctor" signature="()" line-rate="1" branch-rate="1" complexity="1">
              <lines>
                <line number="8" hits="6" branch="false" />
                <line number="9" hits="6" branch="false" />
                <line number="10" hits="6" branch="false" />
              </lines>
            </method>
            <method name=".ctor" signature="(System.Collections.Generic.IReadOnlyCollection`1&lt;T&gt;)" line-rate="1" branch-rate="1" complexity="1">
              <lines>
                <line number="12" hits="8" branch="false" />
                <line number="13" hits="8" branch="false" />
                <line number="14" hits="8" branch="false" />
                <line number="15" hits="8" branch="false" />
              </lines>
            </method>
          </methods>
          <lines>
            <line number="8" hits="6" branch="false" />
            <line number="9" hits="6" branch="false" />
            <line number="10" hits="6" branch="false" />
            <line number="12" hits="8" branch="false" />
            <line number="13" hits="8" branch="false" />
            <line number="14" hits="8" branch="false" />
            <line number="15" hits="8" branch="false" />
            <line number="18" hits="38" branch="false" />
          </lines>
        </class>
        <class name="Aiursoft.AiurProtocol.Models.AiurPagedCollection`1" filename="/opt/workspace/456-aiurprotocol-mr-207/src/Aiursoft.AiurProtocol.Abstractions/Models/AiurPagedCollection.cs" line-rate="1" branch-rate="1" complexity="5">
          <methods>
            <method name="get_TotalCount" signature="()" line-rate="1" branch-rate="1" complexity="1">
              <lines>
                <line number="17" hits="6" branch="false" />
              </lines>
            </method>
            <method name="get_CurrentPage" signature="()" line-rate="1" branch-rate="1" complexity="1">
              <lines>
                <line number="23" hits="6" branch="false" />
              </lines>
            </method>
            <method name="get_CurrentPageSize" signature="()" line-rate="1" branch-rate="1" complexity="1">
              <lines>
                <line number="26" hits="6" branch="false" />
              </lines>
            </method>
            <method name=".ctor" signature="()" line-rate="1" branch-rate="1" complexity="1">
              <lines>
                <line number="8" hits="2" branch="false" />
                <line number="9" hits="2" branch="false" />
                <line number="10" hits="2" branch="false" />
              </lines>
            </method>
            <method name=".ctor" signature="(System.Collections.Generic.IReadOnlyCollection`1&lt;T&gt;)" line-rate="1" branch-rate="1" complexity="1">
              <lines>
                <line number="12" hits="2" branch="false" />
                <line number="13" hits="2" branch="false" />
                <line number="14" hits="2" branch="false" />
              </lines>
            </method>
          </methods>
          <lines>
            <line number="8" hits="2" branch="false" />
            <line number="9" hits="2" branch="false" />
            <line number="10" hits="2" branch="false" />
            <line number="12" hits="2" branch="false" />
            <line number="13" hits="2" branch="false" />
            <line number="14" hits="2" branch="false" />
            <line number="17" hits="6" branch="false" />
            <line number="23" hits="6" branch="false" />
            <line number="26" hits="6" branch="false" />
          </lines>
        </class>
        <class name="Aiursoft.AiurProtocol.Models.AiurResponse" filename="/opt/workspace/456-aiurprotocol-mr-207/src/Aiursoft.AiurProtocol.Abstractions/Models/AiurResponse.cs" line-rate="1" branch-rate="1" complexity="3">
          <methods>
            <method name="get_Code" signature="()" line-rate="1" branch-rate="1" complexity="1">
              <lines>
                <line number="8" hits="125" branch="false" />
              </lines>
            </method>
            <method name="get_Message" signature="()" line-rate="1" branch-rate="1" complexity="1">
              <lines>
                <line number="11" hits="85" branch="false" />
              </lines>
            </method>
            <method name="get_ProtocolVersion" signature="()" line-rate="1" branch-rate="1" complexity="1">
              <lines>
                <line number="13" hits="58" branch="false" />
              </lines>
            </method>
          </methods>
          <lines>
            <line number="8" hits="125" branch="false" />
            <line number="11" hits="85" branch="false" />
            <line number="13" hits="58" branch="false" />
          </lines>
        </class>
        <class name="Aiursoft.AiurProtocol.Models.AiurValue`1" filename="/opt/workspace/456-aiurprotocol-mr-207/src/Aiursoft.AiurProtocol.Abstractions/Models/AiurValue.cs" line-rate="1" branch-rate="1" complexity="2">
          <methods>
            <method name="get_Value" signature="()" line-rate="1" branch-rate="1" complexity="1">
              <lines>
                <line number="13" hits="8" branch="false" />
              </lines>
            </method>
            <method name=".ctor" signature="(T)" line-rate="1" branch-rate="1" complexity="1">
              <lines>
                <line number="7" hits="4" branch="false" />
                <line number="8" hits="4" branch="false" />
                <line number="9" hits="4" branch="false" />
                <line number="10" hits="4" branch="false" />
              </lines>
            </method>
          </methods>
          <lines>
            <line number="7" hits="4" branch="false" />
            <line number="8" hits="4" branch="false" />
            <line number="9" hits="4" branch="false" />
            <line number="10" hits="4" branch="false" />
            <line number="13" hits="8" branch="false" />
          </lines>
        </class>
        <class name="Aiursoft.AiurProtocol.Models.Pager" filename="/opt/workspace/456-aiurprotocol-mr-207/src/Aiursoft.AiurProtocol.Abstractions/Models/Pager.cs" line-rate="1" branch-rate="1" complexity="2">
          <methods>
            <method name="get_PageSize" signature="()" line-rate="1" branch-rate="1" complexity="1">
              <lines>
                <line number="12" hits="23" branch="false" />
              </lines>
            </method>
            <method name="get_PageNumber" signature="()" line-rate="1" branch-rate="1" complexity="1">
              <lines>
                <line number="19" hits="21" branch="false" />
              </lines>
            </method>
          </methods>
          <lines>
            <line number="12" hits="23" branch="false" />
            <line number="19" hits="21" branch="false" />
          </lines>
        </class>
        <class name="Aiursoft.AiurProtocol.ProtocolSettings" filename="/opt/workspace/456-aiurprotocol-mr-207/src/Aiursoft.AiurProtocol.Abstractions/ProtocolSettings.cs" line-rate="1" branch-rate="1" complexity="1">
          <methods>
            <method name=".cctor" signature="()" line-rate="1" branch-rate="1" complexity="1">
              <lines>
                <line number="8" hits="1" branch="false" />
                <line number="9" hits="1" branch="false" />
                <line number="10" hits="1" branch="false" />
                <line number="11" hits="1" branch="false" />
                <line number="12" hits="1" branch="false" />
              </lines>
            </method>
          </methods>
          <lines>
            <line number="8" hits="1" branch="false" />
            <line number="9" hits="1" branch="false" />
            <line number="10" hits="1" branch="false" />
            <line number="11" hits="1" branch="false" />
            <line number="12" hits="1" branch="false" />
          </lines>
        </class>
      </classes>
    </package>
    <package name="Aiursoft.AiurProtocol.Server" line-rate="0.7446808510638298" branch-rate="0.5172413793103449" complexity="70">
      <classes>
        <class name="Aiursoft.AiurProtocol.Server.Attributes.ApiExceptionHandler" filename="/opt/workspace/456-aiurprotocol-mr-207/src/Aiursoft.AiurProtocol.Server/Attributes/ApiExceptionHandler.cs" line-rate="0.5490196078431373" branch-rate="0.625" complexity="19">
          <methods>
            <method name="get_PassthroughRemoteErrors" signature="()" line-rate="1" branch-rate="1" complexity="1">
              <lines>
                <line number="15" hits="72" branch="false" />
              </lines>
            </method>
            <method name="get_PassthroughAiurServerException" signature="()" line-rate="1" branch-rate="1" complexity="1">
              <lines>
                <line number="17" hits="75" branch="false" />
              </lines>
            </method>
            <method name="get_SuppressExceptionFromLog" signature="()" line-rate="1" branch-rate="1" complexity="1">
              <lines>
                <line number="19" hits="44" branch="false" />
              </lines>
            </method>
            <method name="OnException" signature="(Microsoft.AspNetCore.Mvc.Filters.ExceptionContext)" line-rate="0.5121951219512195" branch-rate="0.6428571428571429" complexity="14">
              <lines>
                <line number="22" hits="4" branch="false" />
                <line number="23" hits="4" branch="true" condition-coverage="50% (1/2)" />
                <line number="25" hits="4" branch="true" condition-coverage="100% (2/2)" />
                <line number="26" hits="4" branch="false" />
                <line number="27" hits="4" branch="false" />
                <line number="28" hits="4" branch="true" condition-coverage="100% (2/2)" />
                <line number="29" hits="4" branch="false" />
                <line number="31" hits="4" branch="false" />
                <line number="32" hits="4" branch="true" condition-coverage="75% (3/4)" />
                <line number="36" hits="0" branch="true" condition-coverage="0% (0/2)" />
                <line number="37" hits="0" branch="false" />
                <line number="38" hits="0" branch="false" />
                <line number="39" hits="0" branch="false" />
                <line number="42" hits="0" branch="false" />
                <line number="43" hits="0" branch="false" />
                <line number="44" hits="0" branch="false" />
                <line number="45" hits="0" branch="false" />
                <line number="46" hits="0" branch="false" />
                <line number="47" hits="0" branch="false" />
                <line number="48" hits="0" branch="false" />
                <line number="49" hits="0" branch="false" />
                <line number="54" hits="3" branch="true" condition-coverage="50% (1/2)" />
                <line number="55" hits="3" branch="false" />
                <line number="56" hits="3" branch="false" />
                <line number="57" hits="3" branch="false" />
                <line number="60" hits="0" branch="false" />
                <line number="61" hits="0" branch="false" />
                <line number="62" hits="0" branch="false" />
                <line number="63" hits="0" branch="false" />
                <line number="64" hits="0" branch="false" />
                <line number="65" hits="0" branch="false" />
                <line number="66" hits="0" branch="false" />
                <line number="67" hits="0" branch="false" />
                <line number="72" hits="1" branch="false" />
                <line number="73" hits="1" branch="false" />
                <line number="74" hits="1" branch="false" />
                <line number="75" hits="1" branch="false" />
                <line number="76" hits="1" branch="false" />
                <line number="77" hits="1" branch="false" />
                <line number="78" hits="1" branch="false" />
                <line number="80" hits="4" branch="false" />
              </lines>
            </method>
            <method name="ProcessResult" signature="(Microsoft.AspNetCore.Mvc.Filters.ExceptionContext,Aiursoft.AiurProtocol.Models.AiurResponse)" line-rate="0.5714285714285714" branch-rate="0.5" complexity="2">
              <lines>
                <line number="83" hits="4" branch="false" />
                <line number="84" hits="4" branch="true" condition-coverage="50% (1/2)" />
                <line number="85" hits="0" branch="false" />
                <line number="86" hits="0" branch="false" />
                <line number="87" hits="0" branch="false" />
                <line number="88" hits="4" branch="false" />
                <line number="89" hits="4" branch="false" />
              </lines>
            </method>
          </methods>
          <lines>
            <line number="15" hits="72" branch="false" />
            <line number="17" hits="75" branch="false" />
            <line number="19" hits="44" branch="false" />
            <line number="22" hits="4" branch="false" />
            <line number="23" hits="4" branch="true" condition-coverage="50% (1/2)" />
            <line number="25" hits="4" branch="true" condition-coverage="100% (2/2)" />
            <line number="26" hits="4" branch="false" />
            <line number="27" hits="4" branch="false" />
            <line number="28" hits="4" branch="true" condition-coverage="100% (2/2)" />
            <line number="29" hits="4" branch="false" />
            <line number="31" hits="4" branch="false" />
            <line number="32" hits="4" branch="true" condition-coverage="75% (3/4)" />
            <line number="36" hits="0" branch="true" condition-coverage="0% (0/2)" />
            <line number="37" hits="0" branch="false" />
            <line number="38" hits="0" branch="false" />
            <line number="39" hits="0" branch="false" />
            <line number="42" hits="0" branch="false" />
            <line number="43" hits="0" branch="false" />
            <line number="44" hits="0" branch="false" />
            <line number="45" hits="0" branch="false" />
            <line number="46" hits="0" branch="false" />
            <line number="47" hits="0" branch="false" />
            <line number="48" hits="0" branch="false" />
            <line number="49" hits="0" branch="false" />
            <line number="54" hits="3" branch="true" condition-coverage="50% (1/2)" />
            <line number="55" hits="3" branch="false" />
            <line number="56" hits="3" branch="false" />
            <line number="57" hits="3" branch="false" />
            <line number="60" hits="0" branch="false" />
            <line number="61" hits="0" branch="false" />
            <line number="62" hits="0" branch="false" />
            <line number="63" hits="0" branch="false" />
            <line number="64" hits="0" branch="false" />
            <line number="65" hits="0" branch="false" />
            <line number="66" hits="0" branch="false" />
            <line number="67" hits="0" branch="false" />
            <line number="72" hits="1" branch="false" />
            <line number="73" hits="1" branch="false" />
            <line number="74" hits="1" branch="false" />
            <line number="75" hits="1" branch="false" />
            <line number="76" hits="1" branch="false" />
            <line number="77" hits="1" branch="false" />
            <line number="78" hits="1" branch="false" />
            <line number="80" hits="4" branch="false" />
            <line number="83" hits="4" branch="false" />
            <line number="84" hits="4" branch="true" condition-coverage="50% (1/2)" />
            <line number="85" hits="0" branch="false" />
            <line number="86" hits="0" branch="false" />
            <line number="87" hits="0" branch="false" />
            <line number="88" hits="4" branch="false" />
            <line number="89" hits="4" branch="false" />
          </lines>
        </class>
        <class name="Aiursoft.AiurProtocol.Server.Attributes.ApiModelStateChecker" filename="/opt/workspace/456-aiurprotocol-mr-207/src/Aiursoft.AiurProtocol.Server/Attributes/APIModelStateChecker.cs" line-rate="1" branch-rate="1" complexity="2">
          <methods>
            <method name="OnActionExecuting" signature="(Microsoft.AspNetCore.Mvc.Filters.ActionExecutingContext)" line-rate="1" branch-rate="1" complexity="2">
              <lines>
                <line number="15" hits="17" branch="false" />
                <line number="16" hits="17" branch="true" condition-coverage="100% (2/2)" />
                <line number="17" hits="2" branch="false" />
                <line number="18" hits="2" branch="false" />
                <line number="19" hits="2" branch="false" />
                <line number="22" hits="15" branch="false" />
                <line number="23" hits="15" branch="false" />
              </lines>
            </method>
          </methods>
          <lines>
            <line number="15" hits="17" branch="false" />
            <line number="16" hits="17" branch="true" condition-coverage="100% (2/2)" />
            <line number="17" hits="2" branch="false" />
            <line number="18" hits="2" branch="false" />
            <line number="19" hits="2" branch="false" />
            <line number="22" hits="15" branch="false" />
            <line number="23" hits="15" branch="false" />
          </lines>
        </class>
        <class name="Aiursoft.AiurProtocol.Server.Extensions" filename="/opt/workspace/456-aiurprotocol-mr-207/src/Aiursoft.AiurProtocol.Server/Extensions.cs" line-rate="0.9411764705882353" branch-rate="0.625" complexity="15">
          <methods>
            <method name="AddAiurProtocol" signature="(Microsoft.Extensions.DependencyInjection.IMvcBuilder)" line-rate="1" branch-rate="1" complexity="1">
              <lines>
                <line number="15" hits="18" branch="false" />
                <line number="16" hits="48" branch="false" />
                <line number="17" hits="18" branch="false" />
                <line number="18" hits="18" branch="false" />
              </lines>
            </method>
            <method name="get_SetupAction" signature="()" line-rate="1" branch-rate="1" complexity="2">
              <lines>
                <line number="20" hits="18" branch="true" condition-coverage="100% (2/2)" />
                <line number="21" hits="18" branch="false" />
                <line number="22" hits="18" branch="false" />
                <line number="23" hits="18" branch="false" />
                <line number="24" hits="36" branch="false" />
              </lines>
            </method>
            <method name="Protocol" signature="(Microsoft.AspNetCore.Mvc.ControllerBase,Aiursoft.AiurProtocol.Models.Code,System.String,System.Collections.Generic.IReadOnlyCollection`1&lt;T&gt;)" line-rate="1" branch-rate="1" complexity="1">
              <lines>
                <line number="32" hits="2" branch="false" />
                <line number="33" hits="2" branch="false" />
                <line number="34" hits="2" branch="false" />
                <line number="35" hits="2" branch="false" />
                <line number="36" hits="2" branch="false" />
                <line number="37" hits="2" branch="false" />
                <line number="38" hits="2" branch="false" />
              </lines>
            </method>
            <method name="Protocol" signature="(Microsoft.AspNetCore.Mvc.ControllerBase,Aiursoft.AiurProtocol.Models.Code,System.String,T)" line-rate="1" branch-rate="1" complexity="1">
              <lines>
                <line number="41" hits="2" branch="false" />
                <line number="42" hits="2" branch="false" />
                <line number="43" hits="2" branch="false" />
                <line number="44" hits="2" branch="false" />
                <line number="45" hits="2" branch="false" />
                <line number="46" hits="2" branch="false" />
                <line number="47" hits="2" branch="false" />
              </lines>
            </method>
            <method name="Protocol" signature="(Microsoft.AspNetCore.Mvc.ControllerBase,Aiursoft.AiurProtocol.Models.Code,System.String)" line-rate="1" branch-rate="1" complexity="1">
              <lines>
                <line number="50" hits="3" branch="false" />
                <line number="51" hits="3" branch="false" />
                <line number="52" hits="3" branch="false" />
                <line number="53" hits="3" branch="false" />
                <line number="54" hits="3" branch="false" />
                <line number="55" hits="3" branch="false" />
                <line number="56" hits="3" branch="false" />
              </lines>
            </method>
            <method name="Protocol" signature="(Microsoft.AspNetCore.Mvc.ControllerBase,Aiursoft.AiurProtocol.Models.AiurResponse)" line-rate="1" branch-rate="1" complexity="1">
              <lines>
                <line number="59" hits="11" branch="false" />
                <line number="60" hits="11" branch="false" />
                <line number="61" hits="11" branch="false" />
              </lines>
            </method>
            <method name="Protocol" signature="(Microsoft.AspNetCore.Mvc.ControllerBase,Aiursoft.AiurProtocol.AiurApiEndpoint)" line-rate="1" branch-rate="1" complexity="1">
              <lines>
                <line number="64" hits="1" branch="false" />
                <line number="65" hits="1" branch="false" />
                <line number="66" hits="1" branch="false" />
              </lines>
            </method>
            <method name="Protocol" signature="(Microsoft.AspNetCore.Http.HttpContext,Aiursoft.AiurProtocol.Models.AiurResponse)" line-rate="0.75" branch-rate="0.5" complexity="6">
              <lines>
                <line number="69" hits="15" branch="false" />
                <line number="70" hits="15" branch="false" />
                <line number="72" hits="15" branch="false" />
                <line number="73" hits="15" branch="true" condition-coverage="50% (1/2)" />
                <line number="75" hits="15" branch="true" condition-coverage="50% (1/2)" />
                <line number="76" hits="0" branch="false" />
                <line number="77" hits="0" branch="false" />
                <line number="78" hits="0" branch="false" />
                <line number="81" hits="15" branch="false" />
                <line number="83" hits="15" branch="true" condition-coverage="50% (1/2)" />
                <line number="84" hits="15" branch="false" />
                <line number="85" hits="15" branch="false" />
              </lines>
            </method>
            <method name="Protocol" signature="()" line-rate="1" branch-rate="1" complexity="1">
              <lines>
                <line number="27" hits="2" branch="false" />
                <line number="28" hits="2" branch="false" />
                <line number="29" hits="2" branch="false" />
              </lines>
            </method>
          </methods>
          <lines>
            <line number="15" hits="18" branch="false" />
            <line number="16" hits="48" branch="false" />
            <line number="17" hits="18" branch="false" />
            <line number="18" hits="18" branch="false" />
            <line number="20" hits="18" branch="true" condition-coverage="100% (2/2)" />
            <line number="21" hits="18" branch="false" />
            <line number="22" hits="18" branch="false" />
            <line number="23" hits="18" branch="false" />
            <line number="24" hits="36" branch="false" />
            <line number="27" hits="2" branch="false" />
            <line number="28" hits="2" branch="false" />
            <line number="29" hits="2" branch="false" />
            <line number="32" hits="2" branch="false" />
            <line number="33" hits="2" branch="false" />
            <line number="34" hits="2" branch="false" />
            <line number="35" hits="2" branch="false" />
            <line number="36" hits="2" branch="false" />
            <line number="37" hits="2" branch="false" />
            <line number="38" hits="2" branch="false" />
            <line number="41" hits="2" branch="false" />
            <line number="42" hits="2" branch="false" />
            <line number="43" hits="2" branch="false" />
            <line number="44" hits="2" branch="false" />
            <line number="45" hits="2" branch="false" />
            <line number="46" hits="2" branch="false" />
            <line number="47" hits="2" branch="false" />
            <line number="50" hits="3" branch="false" />
            <line number="51" hits="3" branch="false" />
            <line number="52" hits="3" branch="false" />
            <line number="53" hits="3" branch="false" />
            <line number="54" hits="3" branch="false" />
            <line number="55" hits="3" branch="false" />
            <line number="56" hits="3" branch="false" />
            <line number="59" hits="11" branch="false" />
            <line number="60" hits="11" branch="false" />
            <line number="61" hits="11" branch="false" />
            <line number="64" hits="1" branch="false" />
            <line number="65" hits="1" branch="false" />
            <line number="66" hits="1" branch="false" />
            <line number="69" hits="15" branch="false" />
            <line number="70" hits="15" branch="false" />
            <line number="72" hits="15" branch="false" />
            <line number="73" hits="15" branch="true" condition-coverage="50% (1/2)" />
            <line number="75" hits="15" branch="true" condition-coverage="50% (1/2)" />
            <line number="76" hits="0" branch="false" />
            <line number="77" hits="0" branch="false" />
            <line number="78" hits="0" branch="false" />
            <line number="81" hits="15" branch="false" />
            <line number="83" hits="15" branch="true" condition-coverage="50% (1/2)" />
            <line number="84" hits="15" branch="false" />
            <line number="85" hits="15" branch="false" />
          </lines>
        </class>
        <class name="Aiursoft.AiurProtocol.Server.Services.AiurPagedCollectionBuilder" filename="/opt/workspace/456-aiurprotocol-mr-207/src/Aiursoft.AiurProtocol.Server/Services/PagedCollectionBuilder.cs" line-rate="0.8333333333333334" branch-rate="0.5" complexity="3">
          <methods>
            <method name="Page" signature="(System.Linq.IOrderedQueryable`1&lt;T&gt;,Aiursoft.AiurProtocol.Models.Pager)" line-rate="1" branch-rate="1" complexity="1">
              <lines>
                <line number="37" hits="2" branch="false" />
                <line number="38" hits="2" branch="false" />
                <line number="39" hits="2" branch="false" />
                <line number="40" hits="2" branch="false" />
                <line number="41" hits="2" branch="false" />
              </lines>
            </method>
            <method name="BuildAsync" signature="()" line-rate="0.7894736842105263" branch-rate="0.5" complexity="2">
              <lines>
                <line number="13" hits="2" branch="false" />
                <line number="16" hits="2" branch="true" condition-coverage="50% (1/2)" />
                <line number="17" hits="0" branch="false" />
                <line number="18" hits="0" branch="false" />
                <line number="19" hits="0" branch="false" />
                <line number="20" hits="0" branch="false" />
                <line number="22" hits="2" branch="false" />
                <line number="23" hits="2" branch="false" />
                <line number="24" hits="2" branch="false" />
                <line number="25" hits="2" branch="false" />
                <line number="26" hits="2" branch="false" />
                <line number="27" hits="2" branch="false" />
                <line number="28" hits="2" branch="false" />
                <line number="29" hits="2" branch="false" />
                <line number="30" hits="2" branch="false" />
                <line number="31" hits="2" branch="false" />
                <line number="32" hits="2" branch="false" />
                <line number="33" hits="2" branch="false" />
                <line number="34" hits="2" branch="false" />
              </lines>
            </method>
          </methods>
          <lines>
            <line number="13" hits="2" branch="false" />
            <line number="16" hits="2" branch="true" condition-coverage="50% (1/2)" />
            <line number="17" hits="0" branch="false" />
            <line number="18" hits="0" branch="false" />
            <line number="19" hits="0" branch="false" />
            <line number="20" hits="0" branch="false" />
            <line number="22" hits="2" branch="false" />
            <line number="23" hits="2" branch="false" />
            <line number="24" hits="2" branch="false" />
            <line number="25" hits="2" branch="false" />
            <line number="26" hits="2" branch="false" />
            <line number="27" hits="2" branch="false" />
            <line number="28" hits="2" branch="false" />
            <line number="29" hits="2" branch="false" />
            <line number="30" hits="2" branch="false" />
            <line number="31" hits="2" branch="false" />
            <line number="32" hits="2" branch="false" />
            <line number="33" hits="2" branch="false" />
            <line number="34" hits="2" branch="false" />
            <line number="37" hits="2" branch="false" />
            <line number="38" hits="2" branch="false" />
            <line number="39" hits="2" branch="false" />
            <line number="40" hits="2" branch="false" />
            <line number="41" hits="2" branch="false" />
          </lines>
        </class>
        <class name="Aiursoft.AiurProtocol.Server.Services.InvalidModelStateTranslator" filename="/opt/workspace/456-aiurprotocol-mr-207/src/Aiursoft.AiurProtocol.Server/Services/InvalidModelStateTranslator.cs" line-rate="1" branch-rate="1" complexity="1">
          <methods>
            <method name="GetInvalidModelStateErrorResponse" signature="(Microsoft.AspNetCore.Mvc.ModelBinding.ModelStateDictionary)" line-rate="1" branch-rate="1" complexity="1">
              <lines>
                <line number="10" hits="2" branch="false" />
                <line number="11" hits="9" branch="false" />
                <line number="12" hits="2" branch="false" />
                <line number="13" hits="2" branch="false" />
                <line number="14" hits="2" branch="false" />
                <line number="15" hits="2" branch="false" />
                <line number="16" hits="2" branch="false" />
                <line number="17" hits="2" branch="false" />
                <line number="18" hits="2" branch="false" />
              </lines>
            </method>
          </methods>
          <lines>
            <line number="10" hits="2" branch="false" />
            <line number="11" hits="9" branch="false" />
            <line number="12" hits="2" branch="false" />
            <line number="13" hits="2" branch="false" />
            <line number="14" hits="2" branch="false" />
            <line number="15" hits="2" branch="false" />
            <line number="16" hits="2" branch="false" />
            <line number="17" hits="2" branch="false" />
            <line number="18" hits="2" branch="false" />
          </lines>
        </class>
        <class name="Aiursoft.AiurProtocol.Server.Services.StatusCodeTranslator" filename="/opt/workspace/456-aiurprotocol-mr-207/src/Aiursoft.AiurProtocol.Server/Services/StatusCodeTranslator.cs" line-rate="0.6086956521739131" branch-rate="0.4" complexity="30">
          <methods>
            <method name="ConvertToHttpStatusCode" signature="(Aiursoft.AiurProtocol.Models.AiurResponse)" line-rate="0.6086956521739131" branch-rate="0.4" complexity="15">
              <lines>
                <line number="10" hits="15" branch="false" />
                <line number="11" hits="15" branch="true" condition-coverage="40% (6/15)" />
                <line number="12" hits="15" branch="false" />
                <line number="13" hits="15" branch="false" />
                <line number="14" hits="2" branch="false" />
                <line number="15" hits="2" branch="false" />
                <line number="16" hits="7" branch="false" />
                <line number="17" hits="15" branch="false" />
                <line number="18" hits="15" branch="false" />
                <line number="19" hits="0" branch="false" />
                <line number="20" hits="0" branch="false" />
                <line number="21" hits="0" branch="false" />
                <line number="22" hits="0" branch="false" />
                <line number="23" hits="1" branch="false" />
                <line number="24" hits="0" branch="false" />
                <line number="25" hits="1" branch="false" />
                <line number="26" hits="0" branch="false" />
[...]
                <line number="25" hits="18" branch="false" />
              </lines>
            </method>
            <method name="Configure" signature="(Microsoft.AspNetCore.Builder.WebApplication)" line-rate="1" branch-rate="1" complexity="1">
              <lines>
                <line number="28" hits="18" branch="false" />
                <line number="29" hits="18" branch="false" />
                <line number="30" hits="18" branch="false" />
                <line number="31" hits="18" branch="false" />
                <line number="32" hits="18" branch="false" />
                <line number="33" hits="18" branch="false" />
                <line number="34" hits="18" branch="false" />
                <line number="35" hits="18" branch="false" />
                <line number="36" hits="18" branch="false" />
              </lines>
            </method>
          </methods>
          <lines>
            <line number="20" hits="18" branch="false" />
            <line number="21" hits="18" branch="false" />
            <line number="22" hits="18" branch="false" />
            <line number="23" hits="18" branch="false" />
            <line number="24" hits="18" branch="false" />
            <line number="25" hits="18" branch="false" />
            <line number="28" hits="18" branch="false" />
            <line number="29" hits="18" branch="false" />
            <line number="30" hits="18" branch="false" />
            <line number="31" hits="18" branch="false" />
            <line number="32" hits="18" branch="false" />
            <line number="33" hits="18" branch="false" />
            <line number="34" hits="18" branch="false" />
            <line number="35" hits="18" branch="false" />
            <line number="36" hits="18" branch="false" />
          </lines>
        </class>
      </classes>
    </package>
    <package name="DemoApiApp.Sdk" line-rate="1" branch-rate="1" complexity="21">
      <classes>
        <class name="DemoApiApp.Sdk.DemoAccess" filename="/opt/workspace/456-aiurprotocol-mr-207/demo/DemoApiApp.Sdk/DemoAccess.cs" line-rate="1" branch-rate="1" complexity="11">
          <methods>
            <method name=".ctor" signature="(Aiursoft.AiurProtocol.Services.AiurProtocolClient,Microsoft.Extensions.Options.IOptions`1&lt;DemoApiApp.Sdk.DemoServerConfig&gt;)" line-rate="1" branch-rate="1" complexity="1">
              <lines>
                <line number="16" hits="17" branch="false" />
                <line number="17" hits="17" branch="false" />
                <line number="18" hits="17" branch="false" />
                <line number="19" hits="17" branch="false" />
                <line number="20" hits="17" branch="false" />
                <line number="21" hits="17" branch="false" />
                <line number="22" hits="17" branch="false" />
              </lines>
            </method>
            <method name="ComplicatedRoute" signature="()" line-rate="1" branch-rate="1" complexity="1">
              <lines>
                <line number="135" hits="1" branch="false" />
                <line number="136" hits="1" branch="false" />
                <line number="137" hits="1" branch="false" />
                <line number="138" hits="1" branch="false" />
                <line number="139" hits="1" branch="false" />
                <line number="140" hits="1" branch="false" />
                <line number="141" hits="1" branch="false" />
                <line number="142" hits="1" branch="false" />
                <line number="143" hits="1" branch="false" />
                <line number="144" hits="1" branch="false" />
              </lines>
            </method>
            <method name="GetANumberAsync" signature="()" line-rate="1" branch-rate="1" complexity="1">
              <lines>
                <line number="57" hits="1" branch="false" />
                <line number="58" hits="1" branch="false" />
                <line number="59" hits="1" branch="false" />
                <line number="60" hits="1" branch="false" />
                <line number="61" hits="1" branch="false" />
              </lines>
            </method>
            <method name="GetFibonacciFirst10Async" signature="()" line-rate="1" branch-rate="1" complexity="1">
              <lines>
                <line number="86" hits="1" branch="false" />
                <line number="87" hits="1" branch="false" />
                <line number="88" hits="1" branch="false" />
                <line number="89" hits="1" branch="false" />
                <line number="90" hits="1" branch="false" />
              </lines>
            </method>
            <method name="IndexAsync" signature="()" line-rate="1" branch-rate="1" complexity="1">
              <lines>
                <line number="25" hits="1" branch="false" />
                <line number="26" hits="1" branch="false" />
                <line number="27" hits="1" branch="false" />
                <line number="28" hits="1" branch="false" />
                <line number="29" hits="1" branch="false" />
              </lines>
            </method>
            <method name="QuerySomethingAsync" signature="()" line-rate="1" branch-rate="1" complexity="1">
              <lines>
                <line number="64" hits="1" branch="false" />
                <line number="65" hits="1" branch="false" />
                <line number="66" hits="1" branch="false" />
                <line number="67" hits="1" branch="false" />
                <line number="68" hits="1" branch="false" />
                <line number="69" hits="1" branch="false" />
                <line number="70" hits="1" branch="false" />
                <line number="71" hits="1" branch="false" />
              </lines>
            </method>
            <method name="QuerySomethingPagedAsync" signature="()" line-rate="1" branch-rate="1" complexity="1">
              <lines>
                <line number="74" hits="2" branch="false" />
                <line number="75" hits="2" branch="false" />
                <line number="76" hits="2" branch="false" />
                <line number="77" hits="2" branch="false" />
                <line number="78" hits="2" branch="false" />
                <line number="79" hits="2" branch="false" />
                <line number="80" hits="2" branch="false" />
                <line number="81" hits="2" branch="false" />
                <line number="82" hits="1" branch="false" />
                <line number="83" hits="1" branch="false" />
              </lines>
            </method>
            <method name="RedirectAsync" signature="()" line-rate="1" branch-rate="1" complexity="1">
              <lines>
                <line number="42" hits="1" branch="false" />
                <line number="43" hits="1" branch="false" />
                <line number="44" hits="1" branch="false" />
                <line number="45" hits="1" branch="false" />
                <line number="46" hits="1" branch="false" />
              </lines>
            </method>
            <method name="RegisterForm" signature="()" line-rate="1" branch-rate="1" complexity="1">
              <lines>
                <line number="95" hits="3" branch="false" />
                <line number="96" hits="3" branch="false" />
                <line number="97" hits="3" branch="false" />
                <line number="98" hits="3" branch="false" />
                <line number="99" hits="3" branch="false" />
                <line number="100" hits="3" branch="false" />
                <line number="101" hits="3" branch="false" />
                <line number="102" hits="3" branch="false" />
                <line number="103" hits="1" branch="false" />
                <line number="104" hits="1" branch="false" />
              </lines>
            </method>
            <method name="RegisterJson" signature="()" line-rate="1" branch-rate="1" complexity="1">
              <lines>
                <line number="107" hits="2" branch="false" />
                <line number="108" hits="2" branch="false" />
                <line number="109" hits="2" branch="false" />
                <line number="110" hits="2" branch="false" />
                <line number="111" hits="2" branch="false" />
                <line number="112" hits="2" branch="false" />
                <line number="113" hits="2" branch="false" />
                <line number="114" hits="2" branch="false" />
                <line number="115" hits="1" branch="false" />
                <line number="116" hits="1" branch="false" />
              </lines>
            </method>
            <method name="WithRoute" signature="()" line-rate="1" branch-rate="1" complexity="1">
              <lines>
                <line number="32" hits="1" branch="false" />
                <line number="33" hits="1" branch="false" />
                <line number="34" hits="1" branch="false" />
                <line number="35" hits="1" branch="false" />
                <line number="36" hits="1" branch="false" />
                <line number="37" hits="1" branch="false" />
                <line number="38" hits="1" branch="false" />
                <line number="39" hits="1" branch="false" />
              </lines>
            </method>
          </methods>
          <lines>
            <line number="16" hits="17" branch="false" />
            <line number="17" hits="17" branch="false" />
            <line number="18" hits="17" branch="false" />
            <line number="19" hits="17" branch="false" />
            <line number="20" hits="17" branch="false" />
            <line number="21" hits="17" branch="false" />
            <line number="22" hits="17" branch="false" />
            <line number="25" hits="1" branch="false" />
            <line number="26" hits="1" branch="false" />
            <line number="27" hits="1" branch="false" />
            <line number="28" hits="1" branch="false" />
            <line number="29" hits="1" branch="false" />
            <line number="32" hits="1" branch="false" />
            <line number="33" hits="1" branch="false" />
            <line number="34" hits="1" branch="false" />
            <line number="35" hits="1" branch="false" />
            <line number="36" hits="1" branch="false" />
            <line number="37" hits="1" branch="false" />
            <line number="38" hits="1" branch="false" />
            <line number="39" hits="1" branch="false" />
            <line number="42" hits="1" branch="false" />
            <line number="43" hits="1" branch="false" />
            <line number="44" hits="1" branch="false" />
            <line number="45" hits="1" branch="false" />
            <line number="46" hits="1" branch="false" />
            <line number="57" hits="1" branch="false" />
            <line number="58" hits="1" branch="false" />
            <line number="59" hits="1" branch="false" />
            <line number="60" hits="1" branch="false" />
            <line number="61" hits="1" branch="false" />
            <line number="64" hits="1" branch="false" />
            <line number="65" hits="1" branch="false" />
            <line number="66" hits="1" branch="false" />
            <line number="67" hits="1" branch="false" />
            <line number="68" hits="1" branch="false" />
            <line number="69" hits="1" branch="false" />
            <line number="70" hits="1" branch="false" />
            <line number="71" hits="1" branch="false" />
            <line number="74" hits="2" branch="false" />
            <line number="75" hits="2" branch="false" />
            <line number="76" hits="2" branch="false" />
            <line number="77" hits="2" branch="false" />
            <line number="78" hits="2" branch="false" />
            <line number="79" hits="2" branch="false" />
            <line number="80" hits="2" branch="false" />
            <line number="81" hits="2" branch="false" />
            <line number="82" hits="1" branch="false" />
            <line number="83" hits="1" branch="false" />
            <line number="86" hits="1" branch="false" />
            <line number="87" hits="1" branch="false" />
            <line number="88" hits="1" branch="false" />
            <line number="89" hits="1" branch="false" />
            <line number="90" hits="1" branch="false" />
            <line number="95" hits="3" branch="false" />
            <line number="96" hits="3" branch="false" />
            <line number="97" hits="3" branch="false" />
            <line number="98" hits="3" branch="false" />
            <line number="99" hits="3" branch="false" />
            <line number="100" hits="3" branch="false" />
            <line number="101" hits="3" branch="false" />
            <line number="102" hits="3" branch="false" />
            <line number="103" hits="1" branch="false" />
            <line number="104" hits="1" branch="false" />
            <line number="107" hits="2" branch="false" />
            <line number="108" hits="2" branch="false" />
            <line number="109" hits="2" branch="false" />
            <line number="110" hits="2" branch="false" />
            <line number="111" hits="2" branch="false" />
            <line number="112" hits="2" branch="false" />
            <line number="113" hits="2" branch="false" />
            <line number="114" hits="2" branch="false" />
            <line number="115" hits="1" branch="false" />
            <line number="116" hits="1" branch="false" />
            <line number="135" hits="1" branch="false" />
            <line number="136" hits="1" branch="false" />
            <line number="137" hits="1" branch="false" />
            <line number="138" hits="1" branch="false" />
            <line number="139" hits="1" branch="false" />
            <line number="140" hits="1" branch="false" />
            <line number="141" hits="1" branch="false" />
            <line number="142" hits="1" branch="false" />
            <line number="143" hits="1" branch="false" />
            <line number="144" hits="1" branch="false" />
          </lines>
        </class>
        <class name="DemoApiApp.Sdk.DemoServerConfig" filename="/opt/workspace/456-aiurprotocol-mr-207/demo/DemoApiApp.Sdk/DemoServerConfig.cs" line-rate="1" branch-rate="1" complexity="1">
          <methods>
            <method name="get_Instance" signature="()" line-rate="1" branch-rate="1" complexity="1">
              <lines>
                <line number="5" hits="51" branch="false" />
              </lines>
            </method>
          </methods>
          <lines>
            <line number="5" hits="51" branch="false" />
          </lines>
        </class>
        <class name="DemoApiApp.Sdk.Extensions" filename="/opt/workspace/456-aiurprotocol-mr-207/demo/DemoApiApp.Sdk/Extensions.cs" line-rate="1" branch-rate="1" complexity="1">
          <methods>
            <method name="AddDemoService" signature="(Microsoft.Extensions.DependencyInjection.IServiceCollection,System.String)" line-rate="1" branch-rate="1" complexity="1">
              <lines>
                <line number="9" hits="18" branch="false" />
                <line number="10" hits="18" branch="false" />
                <line number="11" hits="35" branch="false" />
                <line number="12" hits="18" branch="false" />
                <line number="13" hits="18" branch="false" />
                <line number="14" hits="18" branch="false" />
              </lines>
            </method>
          </methods>
          <lines>
            <line number="9" hits="18" branch="false" />
            <line number="10" hits="18" branch="false" />
            <line number="11" hits="35" branch="false" />
            <line number="12" hits="18" branch="false" />
            <line number="13" hits="18" branch="false" />
            <line number="14" hits="18" branch="false" />
          </lines>
        </class>
        <class name="DemoApiApp.Sdk.Models.ApiAddressModels.ComplicatedRouteAddressModel" filename="/opt/workspace/456-aiurprotocol-mr-207/demo/DemoApiApp.Sdk/Models/ApiAddressModels/ComplicatedRouteAddressModel.cs" line-rate="1" branch-rate="1" complexity="3">
          <methods>
            <method name="get_AccessToken" signature="()" line-rate="1" branch-rate="1" complexity="1">
              <lines>
                <line number="9" hits="6" branch="false" />
              </lines>
            </method>
            <method name="get_SiteName" signature="()" line-rate="1" branch-rate="1" complexity="1">
              <lines>
                <line number="13" hits="6" branch="false" />
              </lines>
            </method>
            <method name="get_FolderNames" signature="()" line-rate="1" branch-rate="1" complexity="1">
              <lines>
                <line number="16" hits="5" branch="false" />
              </lines>
            </method>
          </methods>
          <lines>
            <line number="9" hits="6" branch="false" />
            <line number="13" hits="6" branch="false" />
            <line number="16" hits="5" branch="false" />
          </lines>
        </class>
        <class name="DemoApiApp.Sdk.Models.ApiAddressModels.QueryNumberAddressModel" filename="/opt/workspace/456-aiurprotocol-mr-207/demo/DemoApiApp.Sdk/Models/ApiAddressModels/QueryNumberAddressModel.cs" line-rate="1" branch-rate="1" complexity="1">
          <methods>
            <method name="get_Question" signature="()" line-rate="1" branch-rate="1" complexity="1">
              <lines>
                <line number="7" hits="129" branch="false" />
              </lines>
            </method>
          </methods>
          <lines>
            <line number="7" hits="129" branch="false" />
          </lines>
        </class>
        <class name="DemoApiApp.Sdk.Models.ApiAddressModels.RegisterAddressModel" filename="/opt/workspace/456-aiurprotocol-mr-207/demo/DemoApiApp.Sdk/Models/ApiAddressModels/RegisterAddressModel.cs" line-rate="1" branch-rate="1" complexity="2">
          <methods>
            <method name="get_Name" signature="()" line-rate="1" branch-rate="1" complexity="1">
              <lines>
                <line number="13" hits="23" branch="false" />
              </lines>
            </method>
            <method name="get_Password" signature="()" line-rate="1" branch-rate="1" complexity="1">
              <lines>
                <line number="15" hits="21" branch="false" />
              </lines>
            </method>
          </methods>
          <lines>
            <line number="13" hits="23" branch="false" />
            <line number="15" hits="21" branch="false" />
          </lines>
        </class>
        <class name="DemoApiApp.Sdk.Models.ApiAddressModels.SampleRouteAddressModel" filename="/opt/workspace/456-aiurprotocol-mr-207/demo/DemoApiApp.Sdk/Models/ApiAddressModels/SampleRouteAddressModel.cs" line-rate="1" branch-rate="1" complexity="1">
          <methods>
            <method name="get_Id" signature="()" line-rate="1" branch-rate="1" complexity="1">
              <lines>
                <line number="10" hits="6" branch="false" />
              </lines>
            </method>
          </methods>
          <lines>
            <line number="10" hits="6" branch="false" />
          </lines>
        </class>
        <class name="DemoApiApp.Sdk.Models.ApiViewModels.RegisterViewModel" filename="/opt/workspace/456-aiurprotocol-mr-207/demo/DemoApiApp.Sdk/Models/ApiViewModels/RegisterViewModel.cs" line-rate="1" branch-rate="1" complexity="1">
          <methods>
            <method name="get_UserId" signature="()" line-rate="1" branch-rate="1" complexity="1">
              <lines>
                <line number="7" hits="8" branch="false" />
              </lines>
            </method>
          </methods>
          <lines>
            <line number="7" hits="8" branch="false" />
          </lines>
        </class>
      </classes>
    </package>
  </packages>
</coverage>